2015-03-01 16:53:05,754 - logError [finagle/netty3-1] ERROR logError  cn.changhong.web.router.ExceptionFilterService$$anonfun$apply$1.applyOrElse(FilterRouter.scala:44) - FullErrorStack
cn.changhong.web.util.RestException: Need Client Id
	at cn.changhong.web.util.RestRequest$.apply(CHRequest.scala:30)
	at cn.changhong.lazystore.controller.LazyStoreForeRouter$.apply(FilterRouter.scala:18)
	at cn.changhong.lazystore.controller.LazyStoreForeRouter$.apply(FilterRouter.scala:15)
	at com.twitter.finagle.Service$$anon$2.apply(Service.scala:14)
	at cn.changhong.web.router.TimeoutFilterService$.apply(FilterRouter.scala:74)
	at cn.changhong.web.router.TimeoutFilterService$.apply(FilterRouter.scala:71)
	at com.twitter.finagle.Filter$$anon$7$$anon$1.apply(Filter.scala:55)
	at com.twitter.finagle.Service$$anon$2.apply(Service.scala:14)
	at cn.changhong.web.router.SpiderActionInspectorFilterService$.apply(FilterRouter.scala:34)
	at cn.changhong.web.router.SpiderActionInspectorFilterService$.apply(FilterRouter.scala:24)
	at com.twitter.finagle.Filter$$anon$7$$anon$1.apply(Filter.scala:55)
	at com.twitter.finagle.Service$$anon$2.apply(Service.scala:14)
	at cn.changhong.web.router.ExceptionFilterService$.apply(FilterRouter.scala:41)
	at cn.changhong.web.router.ExceptionFilterService$.apply(FilterRouter.scala:38)
	at com.twitter.finagle.Filter$$anon$7$$anon$1.apply(Filter.scala:55)
	at com.twitter.finagle.Service$$anon$2.apply(Service.scala:14)
	at cn.changhong.web.router.AccessLogFilterService$.apply(FilterRouter.scala:61)
	at cn.changhong.web.router.AccessLogFilterService$.apply(FilterRouter.scala:57)
	at com.twitter.finagle.Filter$$anon$7.apply(Filter.scala:52)
	at com.twitter.finagle.Filter$$anon$7.apply(Filter.scala:52)
	at com.twitter.finagle.Filter$$anon$7.apply(Filter.scala:52)
	at com.twitter.finagle.Filter$$anon$2.apply(Filter.scala:72)
	at com.twitter.finagle.ServiceProxy.apply(Service.scala:103)
	at com.twitter.finagle.Service$$anon$2.apply(Service.scala:14)
	at com.twitter.finagle.tracing.ServerDestTracingProxy$$anon$1.apply(DestinationTracing.scala:32)
	at com.twitter.finagle.Filter$$anon$2.apply(Filter.scala:72)
	at com.twitter.finagle.Service$$anon$2.apply(Service.scala:14)
	at com.twitter.finagle.filter.ExceptionSourceFilter.apply(ExceptionSourceFilter.scala:33)
	at com.twitter.finagle.Filter$$anon$2.apply(Filter.scala:72)
	at com.twitter.finagle.Service$$anon$2.apply(Service.scala:14)
	at com.twitter.finagle.filter.MkJvmFilter$$anon$1.apply(JvmFilter.scala:29)
	at com.twitter.finagle.Filter$$anon$2.apply(Filter.scala:72)
	at com.twitter.finagle.Service$$anon$2.apply(Service.scala:14)
	at com.twitter.finagle.filter.HandletimeFilter.apply(HandletimeFilter.scala:38)
	at com.twitter.finagle.Filter$$anon$2.apply(Filter.scala:72)
	at com.twitter.finagle.Service$$anon$2.apply(Service.scala:14)
	at com.twitter.finagle.tracing.AnnotatingTracingFilter.apply(TraceInitializerFilter.scala:145)
	at com.twitter.finagle.Filter$$anon$2.apply(Filter.scala:72)
	at com.twitter.finagle.Service$$anon$2.apply(Service.scala:14)
	at com.twitter.finagle.http.filter.DtabFilter.apply(DtabFilter.scala:23)
	at com.twitter.finagle.http.filter.DtabFilter.apply(DtabFilter.scala:12)
	at com.twitter.finagle.Filter$$anon$2.apply(Filter.scala:72)
	at com.twitter.finagle.Service$$anon$2.apply(Service.scala:14)
	at com.twitter.finagle.filter.MonitorFilter$$anonfun$apply$1.apply(MonitorFilter.scala:32)
	at com.twitter.finagle.filter.MonitorFilter$$anonfun$apply$1.apply(MonitorFilter.scala:32)
	at com.twitter.util.Future$$anonfun$monitored$1.apply$mcV$sp(Future.scala:123)
	at com.twitter.util.Monitor$$anonfun$apply$1.apply$mcV$sp(Monitor.scala:38)
	at com.twitter.util.Monitor$$anonfun$apply$1.apply(Monitor.scala:38)
	at com.twitter.util.Monitor$$anonfun$apply$1.apply(Monitor.scala:38)
	at com.twitter.util.Monitor$$anonfun$using$1.apply(Monitor.scala:103)
	at com.twitter.util.Monitor$.restoring(Monitor.scala:110)
	at com.twitter.util.Monitor$.using(Monitor.scala:101)
	at com.twitter.util.Monitor$class.apply(Monitor.scala:37)
	at com.twitter.util.Monitor$$anon$1.apply(Monitor.scala:141)
	at com.twitter.util.Future$.monitored(Future.scala:122)
	at com.twitter.finagle.filter.MonitorFilter.apply(MonitorFilter.scala:31)
	at com.twitter.finagle.Filter$$anon$2.apply(Filter.scala:72)
	at com.twitter.finagle.http.codec.HttpServerDispatcher.dispatch(HttpServerDispatcher.scala:49)
	at com.twitter.finagle.dispatch.GenSerialServerDispatcher$$anonfun$com$twitter$finagle$dispatch$GenSerialServerDispatcher$$loop$1.apply(ServerDispatcher.scala:49)
	at com.twitter.finagle.dispatch.GenSerialServerDispatcher$$anonfun$com$twitter$finagle$dispatch$GenSerialServerDispatcher$$loop$1.apply(ServerDispatcher.scala:44)
	at com.twitter.util.Future$$anonfun$flatMap$1.apply(Future.scala:800)
	at com.twitter.util.Future$$anonfun$flatMap$1.apply(Future.scala:799)
	at com.twitter.util.Promise$Transformer.liftedTree1$1(Promise.scala:95)
	at com.twitter.util.Promise$Transformer.k(Promise.scala:95)
	at com.twitter.util.Promise$Transformer.apply(Promise.scala:105)
	at com.twitter.util.Promise$Transformer.apply(Promise.scala:86)
	at com.twitter.util.Promise$$anon$2.run(Promise.scala:335)
	at com.twitter.concurrent.LocalScheduler$Activation.run(Scheduler.scala:186)
	at com.twitter.concurrent.LocalScheduler$Activation.submit(Scheduler.scala:157)
	at com.twitter.concurrent.LocalScheduler.submit(Scheduler.scala:212)
	at com.twitter.concurrent.Scheduler$.submit(Scheduler.scala:86)
	at com.twitter.util.Promise.runq(Promise.scala:312)
	at com.twitter.util.Promise.updateIfEmpty(Promise.scala:621)
	at com.twitter.util.Promise.update(Promise.scala:598)
	at com.twitter.util.Promise.setValue(Promise.scala:574)
	at com.twitter.concurrent.AsyncQueue.offer(AsyncQueue.scala:76)
	at com.twitter.finagle.transport.ChannelTransport.handleUpstream(ChannelTransport.scala:45)
	at org.jboss.netty.channel.DefaultChannelPipeline.sendUpstream(DefaultChannelPipeline.java:564)
	at org.jboss.netty.channel.DefaultChannelPipeline$DefaultChannelHandlerContext.sendUpstream(DefaultChannelPipeline.java:791)
	at org.jboss.netty.channel.SimpleChannelHandler.messageReceived(SimpleChannelHandler.java:142)
	at org.jboss.netty.channel.SimpleChannelHandler.handleUpstream(SimpleChannelHandler.java:88)
	at org.jboss.netty.channel.DefaultChannelPipeline.sendUpstream(DefaultChannelPipeline.java:564)
	at org.jboss.netty.channel.DefaultChannelPipeline$DefaultChannelHandlerContext.sendUpstream(DefaultChannelPipeline.java:791)
	at org.jboss.netty.handler.timeout.ReadTimeoutHandler.messageReceived(ReadTimeoutHandler.java:184)
	at org.jboss.netty.channel.SimpleChannelUpstreamHandler.handleUpstream(SimpleChannelUpstreamHandler.java:70)
	at org.jboss.netty.channel.DefaultChannelPipeline.sendUpstream(DefaultChannelPipeline.java:564)
	at org.jboss.netty.channel.DefaultChannelPipeline$DefaultChannelHandlerContext.sendUpstream(DefaultChannelPipeline.java:791)
	at org.jboss.netty.handler.codec.http.HttpChunkAggregator.messageReceived(HttpChunkAggregator.java:145)
	at org.jboss.netty.channel.SimpleChannelUpstreamHandler.handleUpstream(SimpleChannelUpstreamHandler.java:70)
	at org.jboss.netty.channel.DefaultChannelPipeline.sendUpstream(DefaultChannelPipeline.java:564)
	at org.jboss.netty.channel.DefaultChannelPipeline$DefaultChannelHandlerContext.sendUpstream(DefaultChannelPipeline.java:791)
	at org.jboss.netty.channel.SimpleChannelUpstreamHandler.messageReceived(SimpleChannelUpstreamHandler.java:124)
	at com.twitter.finagle.http.codec.RespondToExpectContinue.messageReceived(RespondToExpectContinue.scala:29)
	at org.jboss.netty.channel.SimpleChannelUpstreamHandler.handleUpstream(SimpleChannelUpstreamHandler.java:70)
	at org.jboss.netty.channel.DefaultChannelPipeline.sendUpstream(DefaultChannelPipeline.java:564)
	at org.jboss.netty.channel.DefaultChannelPipeline$DefaultChannelHandlerContext.sendUpstream(DefaultChannelPipeline.java:791)
	at org.jboss.netty.handler.codec.http.HttpContentEncoder.messageReceived(HttpContentEncoder.java:82)
	at org.jboss.netty.channel.SimpleChannelHandler.handleUpstream(SimpleChannelHandler.java:88)
	at org.jboss.netty.channel.DefaultChannelPipeline.sendUpstream(DefaultChannelPipeline.java:564)
	at org.jboss.netty.channel.DefaultChannelPipeline$DefaultChannelHandlerContext.sendUpstream(DefaultChannelPipeline.java:791)
	at com.twitter.finagle.http.SafeHttpServerCodec.handleUpstream(Codec.scala:45)
	at org.jboss.netty.channel.DefaultChannelPipeline.sendUpstream(DefaultChannelPipeline.java:564)
	at org.jboss.netty.channel.DefaultChannelPipeline.sendUpstream(DefaultChannelPipeline.java:559)
	at org.jboss.netty.channel.Channels.fireMessageReceived(Channels.java:268)
	at org.jboss.netty.channel.Channels.fireMessageReceived(Channels.java:255)
	at org.jboss.netty.channel.socket.nio.NioWorker.read(NioWorker.java:88)
	at org.jboss.netty.channel.socket.nio.AbstractNioWorker.process(AbstractNioWorker.java:108)
	at org.jboss.netty.channel.socket.nio.AbstractNioSelector.run(AbstractNioSelector.java:318)
	at org.jboss.netty.channel.socket.nio.AbstractNioWorker.run(AbstractNioWorker.java:89)
	at org.jboss.netty.channel.socket.nio.NioWorker.run(NioWorker.java:178)
	at org.jboss.netty.util.ThreadRenamingRunnable.run(ThreadRenamingRunnable.java:108)
	at org.jboss.netty.util.internal.DeadLockProofWorker$1.run(DeadLockProofWorker.java:42)
	at java.util.concurrent.ThreadPoolExecutor.runWorker(ThreadPoolExecutor.java:1145)
	at java.util.concurrent.ThreadPoolExecutor$Worker.run(ThreadPoolExecutor.java:615)
	at java.lang.Thread.run(Thread.java:744)
2015-03-01 16:54:04,575 - logError [finagle/netty3-1] ERROR logError  cn.changhong.web.router.ExceptionFilterService$$anonfun$apply$1.applyOrElse(FilterRouter.scala:44) - FullErrorStack
cn.changhong.web.util.RestException: Need Client Id
	at cn.changhong.web.util.RestRequest$.apply(CHRequest.scala:30)
	at cn.changhong.lazystore.controller.LazyStoreForeRouter$.apply(FilterRouter.scala:18)
	at cn.changhong.lazystore.controller.LazyStoreForeRouter$.apply(FilterRouter.scala:15)
	at com.twitter.finagle.Service$$anon$2.apply(Service.scala:14)
	at cn.changhong.web.router.TimeoutFilterService$.apply(FilterRouter.scala:74)
	at cn.changhong.web.router.TimeoutFilterService$.apply(FilterRouter.scala:71)
	at com.twitter.finagle.Filter$$anon$7$$anon$1.apply(Filter.scala:55)
	at com.twitter.finagle.Service$$anon$2.apply(Service.scala:14)
	at cn.changhong.web.router.SpiderActionInspectorFilterService$.apply(FilterRouter.scala:34)
	at cn.changhong.web.router.SpiderActionInspectorFilterService$.apply(FilterRouter.scala:24)
	at com.twitter.finagle.Filter$$anon$7$$anon$1.apply(Filter.scala:55)
	at com.twitter.finagle.Service$$anon$2.apply(Service.scala:14)
	at cn.changhong.web.router.ExceptionFilterService$.apply(FilterRouter.scala:41)
	at cn.changhong.web.router.ExceptionFilterService$.apply(FilterRouter.scala:38)
	at com.twitter.finagle.Filter$$anon$7$$anon$1.apply(Filter.scala:55)
	at com.twitter.finagle.Service$$anon$2.apply(Service.scala:14)
	at cn.changhong.web.router.AccessLogFilterService$.apply(FilterRouter.scala:61)
	at cn.changhong.web.router.AccessLogFilterService$.apply(FilterRouter.scala:57)
	at com.twitter.finagle.Filter$$anon$7.apply(Filter.scala:52)
	at com.twitter.finagle.Filter$$anon$7.apply(Filter.scala:52)
	at com.twitter.finagle.Filter$$anon$7.apply(Filter.scala:52)
	at com.twitter.finagle.Filter$$anon$2.apply(Filter.scala:72)
	at com.twitter.finagle.ServiceProxy.apply(Service.scala:103)
	at com.twitter.finagle.Service$$anon$2.apply(Service.scala:14)
	at com.twitter.finagle.tracing.ServerDestTracingProxy$$anon$1.apply(DestinationTracing.scala:32)
	at com.twitter.finagle.Filter$$anon$2.apply(Filter.scala:72)
	at com.twitter.finagle.Service$$anon$2.apply(Service.scala:14)
	at com.twitter.finagle.filter.ExceptionSourceFilter.apply(ExceptionSourceFilter.scala:33)
	at com.twitter.finagle.Filter$$anon$2.apply(Filter.scala:72)
	at com.twitter.finagle.Service$$anon$2.apply(Service.scala:14)
	at com.twitter.finagle.filter.MkJvmFilter$$anon$1.apply(JvmFilter.scala:29)
	at com.twitter.finagle.Filter$$anon$2.apply(Filter.scala:72)
	at com.twitter.finagle.Service$$anon$2.apply(Service.scala:14)
	at com.twitter.finagle.filter.HandletimeFilter.apply(HandletimeFilter.scala:38)
	at com.twitter.finagle.Filter$$anon$2.apply(Filter.scala:72)
	at com.twitter.finagle.Service$$anon$2.apply(Service.scala:14)
	at com.twitter.finagle.tracing.AnnotatingTracingFilter.apply(TraceInitializerFilter.scala:145)
	at com.twitter.finagle.Filter$$anon$2.apply(Filter.scala:72)
	at com.twitter.finagle.Service$$anon$2.apply(Service.scala:14)
	at com.twitter.finagle.http.filter.DtabFilter.apply(DtabFilter.scala:23)
	at com.twitter.finagle.http.filter.DtabFilter.apply(DtabFilter.scala:12)
	at com.twitter.finagle.Filter$$anon$2.apply(Filter.scala:72)
	at com.twitter.finagle.Service$$anon$2.apply(Service.scala:14)
	at com.twitter.finagle.filter.MonitorFilter$$anonfun$apply$1.apply(MonitorFilter.scala:32)
	at com.twitter.finagle.filter.MonitorFilter$$anonfun$apply$1.apply(MonitorFilter.scala:32)
	at com.twitter.util.Future$$anonfun$monitored$1.apply$mcV$sp(Future.scala:123)
	at com.twitter.util.Monitor$$anonfun$apply$1.apply$mcV$sp(Monitor.scala:38)
	at com.twitter.util.Monitor$$anonfun$apply$1.apply(Monitor.scala:38)
	at com.twitter.util.Monitor$$anonfun$apply$1.apply(Monitor.scala:38)
	at com.twitter.util.Monitor$$anonfun$using$1.apply(Monitor.scala:103)
	at com.twitter.util.Monitor$.restoring(Monitor.scala:110)
	at com.twitter.util.Monitor$.using(Monitor.scala:101)
	at com.twitter.util.Monitor$class.apply(Monitor.scala:37)
	at com.twitter.util.Monitor$$anon$1.apply(Monitor.scala:141)
	at com.twitter.util.Future$.monitored(Future.scala:122)
	at com.twitter.finagle.filter.MonitorFilter.apply(MonitorFilter.scala:31)
	at com.twitter.finagle.Filter$$anon$2.apply(Filter.scala:72)
	at com.twitter.finagle.http.codec.HttpServerDispatcher.dispatch(HttpServerDispatcher.scala:49)
	at com.twitter.finagle.dispatch.GenSerialServerDispatcher$$anonfun$com$twitter$finagle$dispatch$GenSerialServerDispatcher$$loop$1.apply(ServerDispatcher.scala:49)
	at com.twitter.finagle.dispatch.GenSerialServerDispatcher$$anonfun$com$twitter$finagle$dispatch$GenSerialServerDispatcher$$loop$1.apply(ServerDispatcher.scala:44)
	at com.twitter.util.Future$$anonfun$flatMap$1.apply(Future.scala:800)
	at com.twitter.util.Future$$anonfun$flatMap$1.apply(Future.scala:799)
	at com.twitter.util.Promise$Transformer.liftedTree1$1(Promise.scala:95)
	at com.twitter.util.Promise$Transformer.k(Promise.scala:95)
	at com.twitter.util.Promise$Transformer.apply(Promise.scala:105)
	at com.twitter.util.Promise$Transformer.apply(Promise.scala:86)
	at com.twitter.util.Promise$$anon$2.run(Promise.scala:335)
	at com.twitter.concurrent.LocalScheduler$Activation.run(Scheduler.scala:186)
	at com.twitter.concurrent.LocalScheduler$Activation.submit(Scheduler.scala:157)
	at com.twitter.concurrent.LocalScheduler.submit(Scheduler.scala:212)
	at com.twitter.concurrent.Scheduler$.submit(Scheduler.scala:86)
	at com.twitter.util.Promise.runq(Promise.scala:312)
	at com.twitter.util.Promise.updateIfEmpty(Promise.scala:621)
	at com.twitter.util.Promise.update(Promise.scala:598)
	at com.twitter.util.Promise.setValue(Promise.scala:574)
	at com.twitter.concurrent.AsyncQueue.offer(AsyncQueue.scala:76)
	at com.twitter.finagle.transport.ChannelTransport.handleUpstream(ChannelTransport.scala:45)
	at org.jboss.netty.channel.DefaultChannelPipeline.sendUpstream(DefaultChannelPipeline.java:564)
	at org.jboss.netty.channel.DefaultChannelPipeline$DefaultChannelHandlerContext.sendUpstream(DefaultChannelPipeline.java:791)
	at org.jboss.netty.channel.SimpleChannelHandler.messageReceived(SimpleChannelHandler.java:142)
	at org.jboss.netty.channel.SimpleChannelHandler.handleUpstream(SimpleChannelHandler.java:88)
	at org.jboss.netty.channel.DefaultChannelPipeline.sendUpstream(DefaultChannelPipeline.java:564)
	at org.jboss.netty.channel.DefaultChannelPipeline$DefaultChannelHandlerContext.sendUpstream(DefaultChannelPipeline.java:791)
	at org.jboss.netty.handler.timeout.ReadTimeoutHandler.messageReceived(ReadTimeoutHandler.java:184)
	at org.jboss.netty.channel.SimpleChannelUpstreamHandler.handleUpstream(SimpleChannelUpstreamHandler.java:70)
	at org.jboss.netty.channel.DefaultChannelPipeline.sendUpstream(DefaultChannelPipeline.java:564)
	at org.jboss.netty.channel.DefaultChannelPipeline$DefaultChannelHandlerContext.sendUpstream(DefaultChannelPipeline.java:791)
	at org.jboss.netty.handler.codec.http.HttpChunkAggregator.messageReceived(HttpChunkAggregator.java:145)
	at org.jboss.netty.channel.SimpleChannelUpstreamHandler.handleUpstream(SimpleChannelUpstreamHandler.java:70)
	at org.jboss.netty.channel.DefaultChannelPipeline.sendUpstream(DefaultChannelPipeline.java:564)
	at org.jboss.netty.channel.DefaultChannelPipeline$DefaultChannelHandlerContext.sendUpstream(DefaultChannelPipeline.java:791)
	at org.jboss.netty.channel.SimpleChannelUpstreamHandler.messageReceived(SimpleChannelUpstreamHandler.java:124)
	at com.twitter.finagle.http.codec.RespondToExpectContinue.messageReceived(RespondToExpectContinue.scala:29)
	at org.jboss.netty.channel.SimpleChannelUpstreamHandler.handleUpstream(SimpleChannelUpstreamHandler.java:70)
	at org.jboss.netty.channel.DefaultChannelPipeline.sendUpstream(DefaultChannelPipeline.java:564)
	at org.jboss.netty.channel.DefaultChannelPipeline$DefaultChannelHandlerContext.sendUpstream(DefaultChannelPipeline.java:791)
	at org.jboss.netty.handler.codec.http.HttpContentEncoder.messageReceived(HttpContentEncoder.java:82)
	at org.jboss.netty.channel.SimpleChannelHandler.handleUpstream(SimpleChannelHandler.java:88)
	at org.jboss.netty.channel.DefaultChannelPipeline.sendUpstream(DefaultChannelPipeline.java:564)
	at org.jboss.netty.channel.DefaultChannelPipeline$DefaultChannelHandlerContext.sendUpstream(DefaultChannelPipeline.java:791)
	at com.twitter.finagle.http.SafeHttpServerCodec.handleUpstream(Codec.scala:45)
	at org.jboss.netty.channel.DefaultChannelPipeline.sendUpstream(DefaultChannelPipeline.java:564)
	at org.jboss.netty.channel.DefaultChannelPipeline.sendUpstream(DefaultChannelPipeline.java:559)
	at org.jboss.netty.channel.Channels.fireMessageReceived(Channels.java:268)
	at org.jboss.netty.channel.Channels.fireMessageReceived(Channels.java:255)
	at org.jboss.netty.channel.socket.nio.NioWorker.read(NioWorker.java:88)
	at org.jboss.netty.channel.socket.nio.AbstractNioWorker.process(AbstractNioWorker.java:108)
	at org.jboss.netty.channel.socket.nio.AbstractNioSelector.run(AbstractNioSelector.java:318)
	at org.jboss.netty.channel.socket.nio.AbstractNioWorker.run(AbstractNioWorker.java:89)
	at org.jboss.netty.channel.socket.nio.NioWorker.run(NioWorker.java:178)
	at org.jboss.netty.util.ThreadRenamingRunnable.run(ThreadRenamingRunnable.java:108)
	at org.jboss.netty.util.internal.DeadLockProofWorker$1.run(DeadLockProofWorker.java:42)
	at java.util.concurrent.ThreadPoolExecutor.runWorker(ThreadPoolExecutor.java:1145)
	at java.util.concurrent.ThreadPoolExecutor$Worker.run(ThreadPoolExecutor.java:615)
	at java.lang.Thread.run(Thread.java:744)
2015-03-01 17:01:36,678 - logError [pool-1-thread-1] ERROR logError  cn.changhong.web.router.ExceptionFilterService$$anonfun$apply$1.applyOrElse(FilterRouter.scala:44) - FullErrorStack
cn.changhong.web.util.RestException: [/bad-http-request}] No Such Method Find!
	at cn.changhong.lazystore.controller.LazyStoreForeRouter$$anonfun$apply$1.apply(FilterRouter.scala:21)
	at cn.changhong.lazystore.controller.LazyStoreForeRouter$$anonfun$apply$1.apply(FilterRouter.scala:18)
	at com.twitter.util.Try$.apply(Try.scala:13)
	at com.twitter.util.ExecutorServiceFuturePool$$anon$2.run(FuturePool.scala:112)
	at java.util.concurrent.Executors$RunnableAdapter.call(Executors.java:471)
	at java.util.concurrent.FutureTask.run(FutureTask.java:262)
	at java.util.concurrent.ThreadPoolExecutor.runWorker(ThreadPoolExecutor.java:1145)
	at java.util.concurrent.ThreadPoolExecutor$Worker.run(ThreadPoolExecutor.java:615)
	at java.lang.Thread.run(Thread.java:744)
2015-03-01 17:02:00,009 - logError [pool-1-thread-1] ERROR logError  cn.changhong.web.router.ExceptionFilterService$$anonfun$apply$1.applyOrElse(FilterRouter.scala:44) - FullErrorStack
cn.changhong.web.util.RestException: [/bad-http-request] No Such Method Find!
	at cn.changhong.lazystore.controller.LazyStoreForeRouter$$anonfun$apply$1.apply(FilterRouter.scala:21)
	at cn.changhong.lazystore.controller.LazyStoreForeRouter$$anonfun$apply$1.apply(FilterRouter.scala:18)
	at com.twitter.util.Try$.apply(Try.scala:13)
	at com.twitter.util.ExecutorServiceFuturePool$$anon$2.run(FuturePool.scala:112)
	at java.util.concurrent.Executors$RunnableAdapter.call(Executors.java:471)
	at java.util.concurrent.FutureTask.run(FutureTask.java:262)
	at java.util.concurrent.ThreadPoolExecutor.runWorker(ThreadPoolExecutor.java:1145)
	at java.util.concurrent.ThreadPoolExecutor$Worker.run(ThreadPoolExecutor.java:615)
	at java.lang.Thread.run(Thread.java:744)
2015-03-01 17:05:38,195 - logError [pool-1-thread-1] ERROR logError  cn.changhong.web.router.ExceptionFilterService$$anonfun$apply$1.applyOrElse(FilterRouter.scala:44) - FullErrorStack
cn.changhong.web.util.RestException: [/lazystore/v1/apps/1423649516894?columns=title,icon,lazyapp_id,appdev_id,described,t_downloadcount] No Such Method Find!
	at cn.changhong.lazystore.controller.LazyStoreForeRouter$$anonfun$apply$1.apply(FilterRouter.scala:21)
	at cn.changhong.lazystore.controller.LazyStoreForeRouter$$anonfun$apply$1.apply(FilterRouter.scala:18)
	at com.twitter.util.Try$.apply(Try.scala:13)
	at com.twitter.util.ExecutorServiceFuturePool$$anon$2.run(FuturePool.scala:112)
	at java.util.concurrent.Executors$RunnableAdapter.call(Executors.java:471)
	at java.util.concurrent.FutureTask.run(FutureTask.java:262)
	at java.util.concurrent.ThreadPoolExecutor.runWorker(ThreadPoolExecutor.java:1145)
	at java.util.concurrent.ThreadPoolExecutor$Worker.run(ThreadPoolExecutor.java:615)
	at java.lang.Thread.run(Thread.java:744)
